2025-12-09 10:59:07,216 - INFO - Loaded 3 HS codes from hs_codes.csv
2025-12-09 10:59:07,633 - INFO - Scraped 10121: DI=N/A, TPI=N/A, TVA=N/A
2025-12-09 10:59:09,208 - INFO - Scraped 90111: DI=N/A, TPI=0%, TVA=20%
2025-12-09 10:59:10,266 - INFO - Scraped 851762: DI=N/A, TPI=0%, TVA=20%
2025-12-09 10:59:10,772 - INFO - Saved 3 records to products_data.csv
2025-12-09 10:59:10,772 - INFO - Saved 3 records to products_data.json
2025-12-09 11:00:36,563 - INFO - Loaded 3 HS codes from hs_codes.csv
2025-12-09 11:00:36,563 - INFO - Processing HS code: 10121 -> padded: 0101210000
2025-12-09 11:00:36,966 - INFO - Scraped 10121: DI=2.5%, TPI=0,25%, TVA=0%
2025-12-09 11:00:37,467 - INFO - Processing HS code: 90111 -> padded: 0901110000
2025-12-09 11:00:38,098 - INFO - Scraped 90111: DI=2.5%, TPI=0,25%, TVA=20%
2025-12-09 11:00:38,600 - INFO - Processing HS code: 851762 -> padded: 8517620000
2025-12-09 11:00:39,209 - INFO - Scraped 851762: DI=2.5%, TPI=0%, TVA=20%
2025-12-09 11:00:39,713 - INFO - Saved 3 records to products_data.csv
2025-12-09 11:00:39,714 - INFO - Saved 3 records to products_data.json
2025-12-09 11:06:47,952 - INFO - Loaded 13226 HS codes from Code Sh Import - Feuille 1.csv
2025-12-09 11:06:47,953 - INFO - Processing HS code: 101210000 -> padded: 1012100000
2025-12-09 11:06:48,258 - INFO - Scraped 101210000: DI=N/A, TPI=N/A, TVA=N/A
2025-12-09 11:06:48,758 - INFO - Processing HS code: 101291000 -> padded: 1012910000
2025-12-09 11:06:49,067 - INFO - Scraped 101291000: DI=N/A, TPI=N/A, TVA=N/A
2025-12-09 11:06:49,567 - INFO - Processing HS code: 101292000 -> padded: 1012920000
2025-12-09 11:06:49,927 - INFO - Scraped 101292000: DI=N/A, TPI=N/A, TVA=N/A
2025-12-09 11:06:50,428 - INFO - Processing HS code: 101299000 -> padded: 1012990000
2025-12-09 11:06:50,715 - INFO - Scraped 101299000: DI=N/A, TPI=N/A, TVA=N/A
2025-12-09 11:06:51,216 - INFO - Processing HS code: 101300010 -> padded: 1013000100
2025-12-09 11:06:51,550 - INFO - Scraped 101300010: DI=N/A, TPI=N/A, TVA=N/A
2025-12-09 11:06:52,051 - INFO - Processing HS code: 101300090 -> padded: 1013000900
2025-12-09 11:06:52,406 - INFO - Scraped 101300090: DI=N/A, TPI=N/A, TVA=N/A
2025-12-09 11:06:52,907 - INFO - Processing HS code: 101900000 -> padded: 1019000000
2025-12-09 11:06:53,362 - INFO - Scraped 101900000: DI=N/A, TPI=N/A, TVA=N/A
2025-12-09 11:06:53,863 - INFO - Processing HS code: 102210000 -> padded: 1022100000
2025-12-09 11:06:54,216 - INFO - Scraped 102210000: DI=N/A, TPI=N/A, TVA=N/A
2025-12-09 11:06:54,718 - INFO - Processing HS code: 102291000 -> padded: 1022910000
2025-12-09 11:06:55,087 - INFO - Scraped 102291000: DI=N/A, TPI=N/A, TVA=N/A
2025-12-09 11:06:55,588 - INFO - Processing HS code: 102292100 -> padded: 1022921000
2025-12-09 11:06:55,925 - INFO - Scraped 102292100: DI=N/A, TPI=N/A, TVA=N/A
2025-12-09 11:06:56,429 - INFO - Saved 10 records to products_data.csv
2025-12-09 11:06:56,430 - INFO - Saved 10 records to products_data.json
2025-12-09 11:07:25,436 - INFO - Loaded 13226 HS codes from Code Sh Import - Feuille 1.csv
2025-12-09 11:07:25,436 - INFO - Processing HS code: 0101210000 -> padded: 0101210000
2025-12-09 11:07:25,716 - INFO - Scraped 0101210000: DI=2.5%, TPI=0,25%, TVA=0%
2025-12-09 11:07:26,216 - INFO - Processing HS code: 0101291000 -> padded: 0101291000
2025-12-09 11:07:26,590 - INFO - Scraped 0101291000: DI=10%, TPI=0,25%, TVA=20%
2025-12-09 11:07:27,092 - INFO - Processing HS code: 0101292000 -> padded: 0101292000
2025-12-09 11:07:27,420 - INFO - Scraped 0101292000: DI=10%, TPI=0,25%, TVA=20%
2025-12-09 11:07:27,921 - INFO - Processing HS code: 0101299000 -> padded: 0101299000
2025-12-09 11:07:28,256 - INFO - Scraped 0101299000: DI=10%, TPI=0,25%, TVA=20%
2025-12-09 11:07:28,758 - INFO - Processing HS code: 0101300010 -> padded: 0101300010
2025-12-09 11:07:29,082 - INFO - Scraped 0101300010: DI=2.5%, TPI=0,25%, TVA=0%
2025-12-09 11:07:29,584 - INFO - Processing HS code: 0101300090 -> padded: 0101300090
2025-12-09 11:07:29,925 - INFO - Scraped 0101300090: DI=10%, TPI=0,25%, TVA=20%
2025-12-09 11:07:30,425 - INFO - Processing HS code: 0101900000 -> padded: 0101900000
2025-12-09 11:07:30,741 - INFO - Scraped 0101900000: DI=10%, TPI=0,25%, TVA=20%
2025-12-09 11:07:31,242 - INFO - Processing HS code: 0102210000 -> padded: 0102210000
2025-12-09 11:07:31,811 - INFO - Scraped 0102210000: DI=2.5%, TPI=0,25%, TVA=N/A
2025-12-09 11:07:32,312 - INFO - Processing HS code: 0102291000 -> padded: 0102291000
2025-12-09 11:07:33,661 - INFO - Scraped 0102291000: DI=200%, TPI=0,25%, TVA=N/A
2025-12-09 11:07:34,162 - INFO - Processing HS code: 0102292100 -> padded: 0102292100
2025-12-09 11:07:35,457 - INFO - Scraped 0102292100: DI=200%, TPI=0,25%, TVA=N/A
2025-12-09 11:07:35,960 - INFO - Saved 10 records to products_data.csv
2025-12-09 11:07:35,961 - INFO - Saved 10 records to products_data.json
2025-12-09 12:54:35,775 - INFO - Loaded 13226 HS codes from Code Sh Import - Feuille 1.csv
2025-12-09 12:54:35,776 - INFO - Processing HS code: 0101210000 -> padded: 0101210000
2025-12-09 12:54:37,375 - INFO - Scraped 0101210000: DI=2.5%, TPI=0,25%, TVA=0%
2025-12-09 12:54:37,876 - INFO - Processing HS code: 0101291000 -> padded: 0101291000
2025-12-09 12:54:38,720 - INFO - Scraped 0101291000: DI=10%, TPI=0,25%, TVA=20%
2025-12-09 12:54:39,222 - INFO - Processing HS code: 0101292000 -> padded: 0101292000
2025-12-09 12:54:40,189 - INFO - Scraped 0101292000: DI=10%, TPI=0,25%, TVA=20%
2025-12-09 12:54:40,690 - INFO - Processing HS code: 0101299000 -> padded: 0101299000
2025-12-09 12:54:41,266 - INFO - Scraped 0101299000: DI=10%, TPI=0,25%, TVA=20%
2025-12-09 12:54:41,768 - INFO - Processing HS code: 0101300010 -> padded: 0101300010
2025-12-09 12:54:42,722 - INFO - Scraped 0101300010: DI=2.5%, TPI=0,25%, TVA=0%
2025-12-09 12:54:43,225 - INFO - Processing HS code: 0101300090 -> padded: 0101300090
2025-12-09 12:54:47,826 - INFO - Scraped 0101300090: DI=10%, TPI=0,25%, TVA=20%
2025-12-09 12:54:48,329 - INFO - Processing HS code: 0101900000 -> padded: 0101900000
2025-12-09 12:54:48,899 - INFO - Scraped 0101900000: DI=10%, TPI=0,25%, TVA=20%
2025-12-09 12:54:49,401 - INFO - Processing HS code: 0102210000 -> padded: 0102210000
2025-12-09 12:54:49,964 - INFO - Scraped 0102210000: DI=2.5%, TPI=0,25%, TVA=N/A
2025-12-09 12:54:50,466 - INFO - Processing HS code: 0102291000 -> padded: 0102291000
2025-12-09 12:54:52,184 - INFO - Scraped 0102291000: DI=200%, TPI=0,25%, TVA=N/A
2025-12-09 12:54:52,685 - INFO - Processing HS code: 0102292100 -> padded: 0102292100
2025-12-09 12:54:54,285 - INFO - Scraped 0102292100: DI=200%, TPI=0,25%, TVA=N/A
2025-12-09 12:54:54,856 - INFO - Saved 10 records to products_data.csv
2025-12-09 12:54:54,857 - INFO - Saved 10 records to products_data.json
2025-12-09 16:55:37,221 - INFO - Loaded 13226 HS codes from Code Sh Import - Feuille 1.csv
2025-12-09 16:55:37,222 - INFO - ====== WebDriver manager ======
2025-12-09 16:55:41,679 - INFO - Get LATEST chromedriver version for google-chrome
2025-12-09 16:55:42,024 - INFO - Get LATEST chromedriver version for google-chrome
2025-12-09 16:55:42,312 - INFO - Get LATEST chromedriver version for google-chrome
2025-12-09 16:55:43,071 - INFO - WebDriver version 143.0.7499.40 selected
2025-12-09 16:55:43,078 - INFO - Modern chrome version https://storage.googleapis.com/chrome-for-testing-public/143.0.7499.40/win32/chromedriver-win32.zip
2025-12-09 16:55:43,078 - INFO - About to download new driver from https://storage.googleapis.com/chrome-for-testing-public/143.0.7499.40/win32/chromedriver-win32.zip
2025-12-09 16:55:43,443 - INFO - Driver downloading response is 200
2025-12-09 16:55:44,367 - INFO - Get LATEST chromedriver version for google-chrome
2025-12-09 16:55:44,744 - INFO - Driver has been saved in cache [C:\Users\USER\.wdm\drivers\chromedriver\win64\143.0.7499.40]
2025-12-09 16:55:46,560 - INFO - Processing HS code: 0101210000 -> padded: 0101210000
2025-12-09 16:56:04,076 - WARNING - Timeout for HS code: 0101210000
2025-12-09 16:56:05,078 - INFO - Processing HS code: 0101291000 -> padded: 0101291000
2025-12-09 16:56:22,385 - WARNING - Timeout for HS code: 0101291000
2025-12-09 16:56:23,389 - INFO - Processing HS code: 0101292000 -> padded: 0101292000
2025-12-09 16:56:40,781 - WARNING - Timeout for HS code: 0101292000
2025-12-09 16:56:41,782 - INFO - Processing HS code: 0101299000 -> padded: 0101299000
2025-12-09 16:56:59,108 - WARNING - Timeout for HS code: 0101299000
2025-12-09 16:57:00,109 - INFO - Processing HS code: 0101300010 -> padded: 0101300010
2025-12-09 16:57:17,404 - WARNING - Timeout for HS code: 0101300010
2025-12-09 16:57:18,405 - INFO - Processing HS code: 0101300090 -> padded: 0101300090
2025-12-09 16:57:35,706 - WARNING - Timeout for HS code: 0101300090
2025-12-09 16:57:36,707 - INFO - Processing HS code: 0101900000 -> padded: 0101900000
2025-12-09 16:57:54,008 - WARNING - Timeout for HS code: 0101900000
2025-12-09 16:57:55,009 - INFO - Processing HS code: 0102210000 -> padded: 0102210000
2025-12-09 16:58:12,307 - WARNING - Timeout for HS code: 0102210000
2025-12-09 16:58:13,309 - INFO - Processing HS code: 0102291000 -> padded: 0102291000
2025-12-09 16:58:30,598 - WARNING - Timeout for HS code: 0102291000
2025-12-09 16:58:31,599 - INFO - Processing HS code: 0102292100 -> padded: 0102292100
2025-12-09 16:58:48,889 - WARNING - Timeout for HS code: 0102292100
2025-12-09 16:58:52,001 - INFO - Saved 10 records to products_data.csv
2025-12-09 16:58:52,001 - INFO - Saved 10 records to products_data.json
2025-12-09 17:03:59,481 - INFO - Loaded 13226 HS codes from Code Sh Import - Feuille 1.csv
2025-12-09 17:04:00,792 - INFO - patching driver executable C:\Users\USER\appdata\roaming\undetected_chromedriver\undetected_chromedriver.exe
2025-12-09 17:04:03,969 - INFO - Processing HS code: 0101210000 -> padded: 0101210000
2025-12-09 17:04:07,070 - ERROR - WAF blocked the request
2025-12-09 17:04:08,071 - INFO - Processing HS code: 0101291000 -> padded: 0101291000
2025-12-09 17:04:11,129 - ERROR - WAF blocked the request
2025-12-09 17:04:12,130 - INFO - Processing HS code: 0101292000 -> padded: 0101292000
2025-12-09 17:04:15,159 - ERROR - WAF blocked the request
2025-12-09 17:04:16,160 - INFO - Processing HS code: 0101299000 -> padded: 0101299000
2025-12-09 17:04:19,238 - ERROR - WAF blocked the request
2025-12-09 17:04:20,239 - INFO - Processing HS code: 0101300010 -> padded: 0101300010
2025-12-09 17:04:23,267 - ERROR - WAF blocked the request
2025-12-09 17:04:24,270 - INFO - Processing HS code: 0101300090 -> padded: 0101300090
2025-12-09 17:04:27,303 - ERROR - WAF blocked the request
2025-12-09 17:04:28,304 - INFO - Processing HS code: 0101900000 -> padded: 0101900000
2025-12-09 17:04:31,335 - ERROR - WAF blocked the request
2025-12-09 17:04:32,335 - INFO - Processing HS code: 0102210000 -> padded: 0102210000
2025-12-09 17:04:35,362 - ERROR - WAF blocked the request
2025-12-09 17:04:36,364 - INFO - Processing HS code: 0102291000 -> padded: 0102291000
2025-12-09 17:04:39,390 - ERROR - WAF blocked the request
2025-12-09 17:04:40,390 - INFO - Processing HS code: 0102292100 -> padded: 0102292100
2025-12-09 17:04:43,419 - ERROR - WAF blocked the request
2025-12-09 17:04:44,685 - INFO - Saved 10 records to products_data.csv
2025-12-09 17:04:44,686 - INFO - Saved 10 records to products_data.json
2025-12-09 17:15:10,548 - INFO - ====== WebDriver manager ======
2025-12-09 17:15:14,617 - INFO - Get LATEST chromedriver version for google-chrome
2025-12-09 17:15:15,016 - INFO - Get LATEST chromedriver version for google-chrome
2025-12-09 17:15:15,416 - INFO - Driver [C:\Users\USER\.wdm\drivers\chromedriver\win64\143.0.7499.40\chromedriver-win32/chromedriver.exe] found in cache
2025-12-09 17:15:16,543 - INFO - Processing HS code: 0101210000 -> padded: 0101210000
2025-12-09 17:15:19,820 - INFO - Page title: ADiL...
2025-12-09 17:15:19,830 - INFO - Found 2 frames
2025-12-09 17:15:19,906 - INFO -   Frame 0: name='en_tete', src='https://www.douane.gov.ma/adil/haut.htm'
2025-12-09 17:15:19,914 - INFO -   Frame 1: name='principal', src='https://www.douane.gov.ma/adil/c_bas_test_1.asp'
2025-12-09 17:15:19,930 - INFO - Result: DI=N/A, TPI=N/A, TVA=N/A
2025-12-09 17:15:20,932 - INFO - Processing HS code: 0101291000 -> padded: 0101291000
2025-12-09 17:15:24,034 - INFO - Page title: ADiL...
2025-12-09 17:15:24,041 - INFO - Found 2 frames
2025-12-09 17:15:24,049 - INFO -   Frame 0: name='en_tete', src='https://www.douane.gov.ma/adil/haut.htm'
2025-12-09 17:15:24,055 - INFO -   Frame 1: name='principal', src='https://www.douane.gov.ma/adil/c_bas_test_1.asp'
2025-12-09 17:15:24,066 - INFO - Result: DI=N/A, TPI=N/A, TVA=N/A
2025-12-09 17:15:25,067 - INFO - Processing HS code: 0101292000 -> padded: 0101292000
2025-12-09 17:15:25,069 - ERROR - Error scraping 0101292000: Message: invalid session id: session deleted as the browser has closed the connection
from disconnected: not connected to DevTools
  (Session info: chrome=143.0.7499.40); For documentation on this error, please visit: https://www.selenium.dev/documentation/webdriver/troubleshooting/errors#invalidsessionidexception
Stacktrace:
Symbols not available. Dumping unresolved backtrace:
	0x3b0d23
	0x3b0d64
	0x19e6dd
	0x18d99e
	0x1ac4e6
	0x2121d8
	0x22d44c
	0x20b2e6
	0x1dd321
	0x1de1d4
	0x604d64
	0x60031b
	0x61cbfa
	0x3cac28
	0x3d2c2d
	0x3b9028
	0x3b91e9
	0x3a3578
	0x74e87ba9
	0x7716c3ab
	0x7716c32f
	0

2025-12-09 17:15:26,070 - INFO - Processing HS code: 0101299000 -> padded: 0101299000
2025-12-09 17:15:26,071 - ERROR - Error scraping 0101299000: Message: invalid session id; For documentation on this error, please visit: https://www.selenium.dev/documentation/webdriver/troubleshooting/errors#invalidsessionidexception
Stacktrace:
Symbols not available. Dumping unresolved backtrace:
	0x3b0d23
	0x3b0d64
	0x19e52b
	0x1dc635
	0x20b3a6
	0x206ed1
	0x206846
	0x16ebfd
	0x16f18e
	0x16f65d
	0x604d64
	0x60031b
	0x61cbfa
	0x3cac28
	0x3d2c2d
	0x16e7ab
	0x16ddf7
	0x7511ff
	0x74e87ba9
	0x7716c3ab
	0x7716c32f
	0

2025-12-09 17:15:27,073 - INFO - Processing HS code: 0101300010 -> padded: 0101300010
2025-12-09 17:15:27,074 - ERROR - Error scraping 0101300010: Message: invalid session id; For documentation on this error, please visit: https://www.selenium.dev/documentation/webdriver/troubleshooting/errors#invalidsessionidexception
Stacktrace:
Symbols not available. Dumping unresolved backtrace:
	0x3b0d23
	0x3b0d64
	0x19e52b
	0x1dc635
	0x20b3a6
	0x206ed1
	0x206846
	0x16ebfd
	0x16f18e
	0x16f65d
	0x604d64
	0x60031b
	0x61cbfa
	0x3cac28
	0x3d2c2d
	0x16e7ab
	0x16ddf7
	0x7511ff
	0x74e87ba9
	0x7716c3ab
	0x7716c32f
	0

